                                                                      Page 1
                                                              C:\Users\a5085281\AppData\Local\Temp\gh_00002vg1.s
Command Line: C:\ghs\comp_201715\ease850.exe -w -elf -b0 -I.\tgt -I.\src -I.\src\can -I.\src\clock -I.\src\external interrupt -I.\src\port -I.\src\TAUB\Interval_timer -I.\src\RTOS -I.\src\RTOS\include -I.\src\RTOS\portable -I.\src\RTOS\portable\GHS -I.\src\RTOS\portable\GHS\MemMang -I.\src\Config_OSTM0 -IC:\ghs\comp_201715\lib\rh850 -cg_underscore -cpu=rh850g3kh -nofpu_double -no_v850_simd -dbo=D:\client\Motherson Mixlab\RTOS freeRTOS\BMS\Carlos\GHS\R7F7016904\objs\debug\dr7f701690_startup.dbo -dwarf2 -source=tgt\dr7f701690_startup.850 --gh_oname=objs\debug\dr7f701690_startup.o --gh_md_append=objs\debug\dr7f701690_startup.dtmp -o objs\debug\gh_00002vg1.o -list=objs\debug\dr7f701690_startup.lst C:\Users\a5085281\AppData\Local\Temp\gh_00002vg1.s 
Original File: C:\Users\a5085281\AppData\Local\Temp\gh_00002vg1.s
Source File: tgt\dr7f701690_startup.850
Directory: D:\client\Motherson Mixlab\RTOS freeRTOS\BMS\Carlos\GHS\R7F7016904
Host OS: Windows
EASE: Copyright (C) 1983-2016 Green Hills Software.  All Rights Reserved.
Release: Compiler v2017.1.5
Build Directory: [Directory] BTOWINBOX:c:/build_2017_1_bto/2017-04-10.1915-2017_1_bto/win32-comp-ecom
Revision: [VCInfo] http://toolsvc/branches/release-branch-2017-1-bto/src@589663 (built by build)
Revision Date: Tue Apr 11 09:18:51 2017

Release Date: Tue Apr 11 11:11:44 2017

                           0 #line 1 "tgt\\dr7f701690_startup.850"
                           1 -------------------------------------------------------------------------------
                           2 -- Module      = dr7f701690_startup.850
                           3 -- Version     = V1.20
                           4 --               extracted from device file dr7f701690.dvf 
                           5 --               by DeFiXRH850 1.0.2.0
                           6 -------------------------------------------------------------------------------
                           7 --                                  COPYRIGHT
                           8 -------------------------------------------------------------------------------
                           9 -- Copyright (c) 2018 by Renesas Electronics Europe GmbH,
                          10 --               a company of the Renesas Electronics Corporation
                          11 -------------------------------------------------------------------------------
                          12 -- Purpose:      Startup Code
                          13 --
                          14 -------------------------------------------------------------------------------
                          15 --
                          16 -- Warranty Disclaimer
                          17 --
                          18 -- Because the Product(s) is licensed free of charge, there is no warranty
                          19 -- of any kind whatsoever and expressly disclaimed and excluded by Renesas,
                          20 -- either expressed or implied, including but not limited to those for
                          21 -- non-infringement of intellectual property, merchantability and/or
                          22 -- fitness for the particular purpose.
                          23 -- Renesas shall not have any obligation to maintain, service or provide bug
                          24 -- fixes for the supplied Product(s) and/or the Application.
                          25 --
                          26 -- Each User is solely responsible for determining the appropriateness of
                          27 -- using the Product(s) and assumes all risks associated with its exercise
                          28 -- of rights under this Agreement, including, but not limited to the risks
                          29 -- and costs of program errors, compliance with applicable laws, damage to
                          30 -- or loss of data, programs or equipment, and unavailability or
                          31 -- interruption of operations.
                          32 --
                          33 -- Limitation of Liability
                          34 --
                          35 -- In no event shall Renesas be liable to the User for any incidental,
                          36 -- consequential, indirect, or punitive damage (including but not limited
                          37 -- to lost profits) regardless of whether such liability is based on breach
                          38 -- of contract, tort, strict liability, breach of warranties, failure of
                          39 -- essential purpose or otherwise and even if advised of the possibility of
                          40 -- such damages. Renesas shall not be liable for any services or products
                          41 -- provided by third party vendors, developers or consultants identified or
                          42 -- referred to the User by Renesas in connection with the Product(s) and/or
                          43 -- the Application.
                          44 --
                          45 -------------------------------------------------------------------------------
                          46 -- Environment:
                          47 --              Device:         R7F701690   
                          48 --              IDE:            GHS Multi for V800  V6.xx or later
                          49 -------------------------------------------------------------------------------

                                                                      Page 2
                                                              C:\Users\a5085281\AppData\Local\Temp\gh_00002vg1.s
                          50 
                          51 -------------------------------------------------------------------------------
                          52 -------------  Selection of external interrupt service handler
                          53 -------------  User modifiable section
                          54 -------------  Please uncomment the required interrupt service handler
                          55 -------------------------------------------------------------------------------
                           0 #line 1 ".\\tgt\\dr7f701690_IRQ.h"
                           1  
                           2  
                           3  
                           4  
                           5  
                           6  
                           7  
                           8  
                           9  
                          10  
                          11  
                          12  
                          13  
                          14  
                          15  
                          16  
                          17  
                          18  
                          19  
                          20  
                          21  
                          22  
                          23  
                          24  
                          25  
                          26  
                          27  
                          28  
                          29  
                          30  
                          31  
                          32  
                          33  
                          34  
                          35  
                          36  
                          37  
                          38  
                          39  
                          40  
                          41  
                          42  
                          43  
                          44  
                          45  
                          46  
                          47  
                          48  
                          49  
                          50 
                          51 
                          52 
                          53 
                          54 

                                                                      Page 3
                                                              C:\Users\a5085281\AppData\Local\Temp\gh_00002vg1.s
                          55 
                          56 
                          57 
                          58 
                          59 
                          60 
                          61 
                          62 
                          63 
                          64 
                          65 
                          66 
                          67 
                          68 
                          69 
                          70 
                          71 
                          72 
                          73 
                          74 
                          75 
                          76 
                          77 
                          78 
                          79 
                          80 
                          81 
                          82 
                          83 
                          84 
                          85 
                          86 
                          87 
                          88 
                          89 
                          90 
                          91 
                          92 
                          93 
                          94 
                          95 
                          96 
                          97 
                          98 
                          99 
                         100 
                         101 
                         102 
                         103 
                         104 
                         105 
                         106 
                         107 
                         108 
                         109 
                         110 
                         111 
                         112 
                         113 
                         114 
                         115 

                                                                      Page 4
                                                              C:\Users\a5085281\AppData\Local\Temp\gh_00002vg1.s
                         116 
                         117 
                         118 
                         119 
                         120 
                         121 
                         122 
                         123 
                         124 
                         125 
                         126 
                         127 
                         128 
                         129 
                         130 
                         131 
                         132 
                         133 
                         134 
                         135 
                         136 
                         137 
                         138 
                         139 
                         140 
                         141 
                         142 
                         143 
                         144 
                         145 
                         146 
                         147 
                         148 
                         149 
                         150 
                         151 
                         152 
                         153 
                         154 
                         155 
                         156 
                         157 
                         158 
                         159 
                         160 
                         161 
                         162 
                         163 
                         164 
                         165 
                         166 
                         167 
                         168 
                         169 
                         170 
                         171 
                         172 
                         173 
                         174 
                         175 
                         176 

                                                                      Page 5
                                                              C:\Users\a5085281\AppData\Local\Temp\gh_00002vg1.s
                         177 
                         178 
                         179 
                         180 
                         181 
                         182 
                         183 
                         184 
                         185 
                         186 
                         187 
                         188 
                         189 
                         190 
                         191 
                         192 
                         193 
                         194 
                         195 
                         196 
                         197 
                         198 
                         199 
                         200 
                         201 
                         202 
                         203 
                         204 
                         205 
                         206 
                         207 
                         208 
                         209 
                         210 
                         211 
                         212 
                         213 
                         214 
                         215 
                         216 
                         217 
                         218 
                         219 
                         220 
                         221 
                         222 
                         223 
                         224 
                         225 
                         226 
                         227 
                         228 
                         229 
                         230 
                         231 
                         232 
                         233 
                         234 
                         235 
                         236 
                         237 

                                                                      Page 6
                                                              C:\Users\a5085281\AppData\Local\Temp\gh_00002vg1.s
                         238 
                         239 
                         240 
                         241 
                         242 
                         243 
                         244 
                         245 
                         246 
                         247 
                         248 
                         249 
                         250 
                         251 
                         252 
                         253 
                         254 
                         255 
                         256 
                         257 
                         258 
                         259 
                         260 
                         261 
                         262 
                         263 
                         264 
                         265 
                         266 
                         267 
                         268 
                         269 
                         270 
                         271 
                         272 
                         273 
                         274 
                         275 
                         276 
                         277 
                         278 
                         279 
                         280 
                         281 
                         282 
                         283 
                         284 
                         285 
                         286 
                         287 
                         288 
                         289 
                         290 
                         291 
                         292 
                         293 
                         294 
                         295 
                         296 
                         297 
                         298 

                                                                      Page 7
                                                              C:\Users\a5085281\AppData\Local\Temp\gh_00002vg1.s
                         299 
                         300 
                         301 
                         302 
                         303 
                         304 
                         305 
                         306 
                         307 
                         308 
                         309 
                         310 
                         311 
                         312 
                         313 
                         314 
                         315 
                         316 
                         317 
                         318 
                         319 
                         320 
                         321 
                         322 
                         323 
                         324 
                         325 
                         326 
                         327 
                         328 
                         329 
                         330 
                         331 
                         332 
                         333 
                         334 
                         335 
                         336 
                         337 
                         338 
                         339 
                         340 
                         341 
                         342 
                         343 
                         344 
                         345 
                         346 
                         347 
                         348 
                         349 
                         350 
                         351 
                         352 
                         353 
                         354 
                         355 
                         356 
                         357 
                         358 
                         359 

                                                                      Page 8
                                                              C:\Users\a5085281\AppData\Local\Temp\gh_00002vg1.s
                         360 
                         361 
                         362 
                         363 
                         364 
                         365 
                         366 
                         367 
                         368 
                         369 
                         370 
                         371 
                         372 
                         373 
                         374 
                         375 
                         376 
                         377 
                         378 
                         379 
                         380 
                         381 
                         382 
                         383 
                         384 
                         385 
                         386 
                         387 
                         388 
                         389 
                         390 
                         391 
                         392 
                         393 
                         394 
                         395 
                         396 
                         397 
                         398 
                         399 
                         400 
                         401 
                         402 
                         403 
                         404 
                         405 
                         406 
                         407 
                         408 
                         409 
                         410 
                         411 
                         412 
                         413 
                         414 
                         415 
                         416 
                         417 
                         418 
                         419 
                         420 

                                                                      Page 9
                                                              C:\Users\a5085281\AppData\Local\Temp\gh_00002vg1.s
                         421 
                         422 
                         423 
                         424 
                         425 
                         426 
                         427 
                         428 
                         429 
                         430 
                         431 
                         432 
                         433 
                         434 
                         435 
                         436 
                         437 
                         438 
                         439 
                         440 
                         441 
                         442 
                         443 
                         444 
                         445 
                         446 
                         447 
                         448 
                         449 
                         450 
                         451 
                         452 
                         453 
                         454 
                         455 
                         456 
                         457 
                         458 
                         459 
                         460 
                         461 
                         462 
                         463 
                         464 
                         465 
                         466 
                         467 
                         468 
                         469 
                         470 
                         471 
                         472 
                         473 
                         474 
                         475 
                         476 
                         477 
                         478 
                         479 
                         480 
                         481 

                                                                      Page 10
                                                              C:\Users\a5085281\AppData\Local\Temp\gh_00002vg1.s
                         482 
                         483 
                         484 
                         485 
                         486 
                         487 
                         488 
                         489 
                         490 
                         491 
                         492 
                         493 
                         494 
                         495 
                         496 
                         497 
                         498 
                         499 
                         500 
                         501 
                         502 
                         503 
                         504 
                         505 
                         506 
                         507 
                         508 
                         509 
                         510 
                         511 
                         512 
                         513 
                         514 
                         515 
                         516 
                         517 
                         518 
                         519 
                         520 
                         521 
                         522 
                         523 
                         524 
                         525 
                         526 
                         527 
                         528 
                         529 
                         530 
                         531 
                         532 
                         533 
                         534 
                         535 
                         536 
                         537 
                         538 
                         539 
                         540 
                         541 
                         542 

                                                                      Page 11
                                                              C:\Users\a5085281\AppData\Local\Temp\gh_00002vg1.s
                         543 
                         544 
                         545 
                         546 
                         547 
                         548 
                         549 
                         550 
                         551 
                         552 
                         553 
                         554 
                         555 
                         556 
                         557 
                         558 
                         559 
                         560 
                         561 
                         562 
                         563 
                         564 
                         565 
                         566 
                         567 
                         568 
                         569 
                         570 
                         571 
                         572 
                         573 
                         574 
                         575 
                         576 
                         577 
                         578 
                         579 
                         580 
                         581 
                         582 
                         583 
                         584 
                         585 
                         586 
                         587 
                         588 
                         589 
                         590 
                         591 
                         592 
                         593 
                         594 
                         595 
                         596 
                         597 
                         598 
                         599 
                         600 
                         601 
                         602 
                         603 

                                                                      Page 12
                                                              C:\Users\a5085281\AppData\Local\Temp\gh_00002vg1.s
                         604 
                         605 
                         606 
                         607 
                         608 
                         609 
                         610 
                         611 
                         612 
                         613 
                         614 
                         615 
                         616 
                         617 
                         618 
                         619 
                         620 
                         621 
                         622 
                         623 
                         624 
                         625 
                         626 
                         627 
                         628 
                         629 
                         630 
                         631 
                         632 
                         633 
                         634 
                         635 
                         636 
                         637 
                         638 
                         639 
                         640 
                         641 
                         642 
                         643 
                         644 
                         645 
                         646 
                         647 
                         648 
                         649 
                         650 
                         651 
                         652 
                         653 
                         654 
                         655 
                         656 
                         657 
                         658 
                         659 
                         660 
                         661 
                         662 
                         663 
                         664 

                                                                      Page 13
                                                              C:\Users\a5085281\AppData\Local\Temp\gh_00002vg1.s
                         665 
                         666 
                         667 
                         668 
                         669 
                         670 
                         671 
                         672 
                         673 
                         674 
                         675 
                         676 
                         677 
                         678 
                         679 
                         680 
                         681 
                         682 
                         683 
                         684 
                         685 
                         686 
                         687 
                         688 
                         689 
                         690 
                         691 
                         692 
                         693 
                         694 
                         695 
                         696 
                         697 
                         698 
                         699 
                         700 
                         701 
                         702 
                         703 
                         704 
                         705 
                         706 
                         707 
                         708 
                         709 
                         710 
                         711 
                         712 
                         713 
                         714 
                         715 
                         716 
                         717 
                         718 
                         719 
                         720 
                         721 
                         722 
                         723 
                         724 
                         725 

                                                                      Page 14
                                                              C:\Users\a5085281\AppData\Local\Temp\gh_00002vg1.s
                         726 
                         727 
                         728 
                         729 
                         730 
                         731 
                         732 
                         733 
                         734 
                         735 
                         736 
                         737 
                         738 
                         739 
                         740 
                         741 
                         742 
                         743 
                         744 
                         745 
                         746 
                         747 
                         748 
                         749 
                         750 
                         751 
                         752 
                         753 
                         754 
                         755 
                         756 
                         757 
                         758 
                         759 
                         760 
                         761 
                         762 
                         763 
                         764 
                         765 
                         766 
                         767 
                         768 
                         769 
                         770 
                         771 
                         772 
                         773 
                         774 
                         775 
                         776 
                         777 
                         778 
                         779 
                         780 
                         781 
                         782 
                         783 
                         784 
                         785 
                         786 

                                                                      Page 15
                                                              C:\Users\a5085281\AppData\Local\Temp\gh_00002vg1.s
                         787 
                         788 
                         789 
                         790 
                         791 
                         792 
                         793 
                         794 
                         795 
                         796 
                         797 
                         798 
                         799 
                         800 
                         801 
                         802 
                         803 
                         804 
                         805 
                         806 
                         807 
                         808 
                         809 
                         810 
                         811 
                         812 
                         813 
                         814 
                         815 
                         816 
                         817 
                         818 
                         819 
                         820 
                         821 
                         822 
                         823 
                         824 
                         825 
                         826 
                         827 
                         828 
                         829 
                         830 
                         831 
                         832 
                         833 
                         834 
                         835 
                         836 
                         837 
                         838 
                         839 
                         840 
                         841 
                         842 
                         843 
                         844 
                         845 
                         846 
                         847 

                                                                      Page 16
                                                              C:\Users\a5085281\AppData\Local\Temp\gh_00002vg1.s
                         848 
                         849 
                         850 
                         851 
                         852 
                         853 
                         854 
                         855 
                         856 
                         857 
                         858 
                         859 
                         860 
                         861 
                         862 
                         863 
                         864 
                         865 
                         866 
                         867 
                         868 
                         869 
                         870 
                         871 
                         872 
                         873 
                          56 #line 57 "tgt\\dr7f701690_startup.850"
                          57 
                          58 -------------------------------------------------------------------------------
                          59 -------------  Basic Initialisation of the controller
                          60 -------------  User modifiable section
                          61 -------------------------------------------------------------------------------
                          62   .weak	___lowinit
                          63   .weak	___ghs_rramstart
                          64   .set   EBV,  0x8000
                          65   .set   RESF, 0xFFF80760
                          66   .text
                          67 _RESET:
                          68   -- Initialization of the global pointer
00000000 240600000000*    69   mov     __gp, gp
                          70 
                          71   -- Initialization of the text pointer
00000006 250600000000*    72   mov     __tp, r5
                          73 
                          74   -- Initialization of the stack pointer
0000000c 401e0000*        75   movhi	hi(___ghsend_stack),zero,sp
00000010 231e0000*        76   movea	lo(___ghsend_stack),sp,sp
                          77 
                          78   -- 4-byte stack alignment
00000014 1c0a             79   mov -4,r1
00000016 4119             80   and r1,sp
                          81 
                          82   -- Initialization of the interrupt base pointer
00000018 210600000000*    83   mov __ex_entry + 0x00000200u,r1
0000001e e1272008         84   ldsr r1,intbp,1
                          85 
                          86   -- First set EBASE register address
00000022 2a0600000000*    87   mov __ex_entry, r10
                          88   -- set 0x0 or 0x1 to EBASE.RINT for reduced interrupt 
                          89   -- ori  1, r10
00000028 ea1f2008         90   ldsr r10, EBASE, 1

                                                                      Page 17
                                                              C:\Users\a5085281\AppData\Local\Temp\gh_00002vg1.s
                          91   -- then set 1 to PSW.EBV -> RBASE!=EBASE
0000002c e5574000         92   stsr PSW, r10, 0
00000030 2b0600800000     93   mov  EBV, r11
00000036 0b51             94   or   r11, r10
00000038 ea2f2000         95   ldsr r10, PSW, 0
                          96 
                          97   -- Jump to the HW initialisation function
                          98   jarl	___lowinit, lp
                          98 <EXPANSION BEGIN>
                          98 jarl22 ___lowinit , lp 
0000003c 80ff0000*        98 <EXPANSION END>
                          99 
                         100   -- Clear local RAM
                         101   -- destroys any content in local RAM/ECC initialization
                         102   -- Also SP is cleared.
00000040 260600000000*   103   mov   ___ghs_ramstart, r6   -- start of local RAM
00000046 270600000000*   104   mov   ___ghs_rramstart, r7  -- start of retention RAM
0000004c e731            105   cmp   r7, r6                -- is only retention RAM available?
0000004e c20d*           106   be    EXIT_L_RAM_CLEAN                    -- skip initialization of RAM
                         107 
00000050 270600000000*   108   mov   ___ghs_ramend, r7     -- load end of local RAM
00000056 0008            109   mov   r0, r1
                         110 L_RAM_CLEAN:
00000058 a6070f000000    111   st.dw r0, 0[r6]
0000005e 06360800        112   addi  8, r6, r6
00000062 e731            113   cmp   r7, r6
00000064 a1fd*           114   bl    L_RAM_CLEAN
                         115 EXIT_L_RAM_CLEAN:
                         116 
                         117   -- Check if deep stop mode Reset occured or not
00000066 26066007f8ff    118   mov   RESF,r6
0000006c 263f0100        119   ld.w  0[r6],r7
00000070 c7460004        120   andi  0x400,r7,r8
                         121   cmp   0x400,r8                -- Check if deep stop mode Reset occured or not, RESF-bit-10
                         121 <EXPANSION BEGIN>
                         121 movea 0x400 , r0, r1 
                         121 cmp r1, r8 
00000074 200e0004        121 <EXPANSION END>
00000078 e141 
0000007a f20d*           122   be    EXIT_R_RAM_CLEAN                    -- skip initialization of R-RAM
                         123 
                         124   -- Clear local Retention RAM
0000007c 260600000000*   125   mov   ___ghs_rramstart, r6   -- start of local R-RAM
00000082 270600000000*   126   mov   ___ghs_rramend, r7  -- start of retention R-RAM
00000088 0008            127   mov   r0, r1
                         128 R_RAM_CLEAN:
0000008a a6070f000000    129   st.dw r0, 0[r6]
00000090 06360800        130   addi  8, r6, r6
00000094 e731            131   cmp   r7, r6
00000096 a1fd*           132   bl    R_RAM_CLEAN
                         133 EXIT_R_RAM_CLEAN:
                         134 
                         135   -- Jump to the initialisation functions of the library
                         136   -- and from there to main()
00000098 80070000*       137   jr __start
                         138 -------------------------------------------------------------------------------
                         139 
                         140 -------------------------------------------------------------------------------
                         141 -------------  Interrupt service routine of unused interrupts
                         142   .global  __unused_isr
                         143 __unused_isr:

                                                                      Page 18
                                                              C:\Users\a5085281\AppData\Local\Temp\gh_00002vg1.s
0000009c 8505*           144   br	__unused_isr
                         145 -------------------------------------------------------------------------------
                         146 
                         147 -------------------------------------------------------------------------------
                         148 -------------  Add section ".intvect" to your linker command file
                         149 -------------  at address 0x0000
                         150 -------------
                         151 -------------	i.e.	.intvect    0x0000:
                         152 -------------------------------------------------------------------------------
                         153 .section".intvect",.text
                         154 
                         155 -------------------------------------------------------------------------------
                         156 -------------  Initializing of interrupt vector table
                         157 -------------  Please don't modify this section
                         158 -------------------------------------------------------------------------------
                         159 
                         160   .global _RESET
                         161 __ex_entry:
                         162     .offset 0x0000
                         163 
                         164     .extern _RESET
00000000 80070000*       165     jr _RESET
                         166 
                         167 
                         168 
                         169 
                         170 
                         171 
                         172 
                         173 
                         174 
                         175 
                         176 __isr_prio_entry:
00000004 000000000000    177     .offset 0x0010
0000000a 000000000000 
                         178 
                         179 
                         180 
                         181 
00000010 80070000*       182     jr __unused_isr
                         183 
                         184 
00000014 000000000000    185     .offset 0x0030
0000001a 000000000000 
00000020 000000000000 
00000026 000000000000 
0000002c 00000000 
                         186 
                         187 
                         188 
                         189 
00000030 80070000*       190     jr __unused_isr
                         191 
                         192 
00000034 000000000000    193     .offset 0x0040
0000003a 000000000000 
                         194 
                         195     .extern _vPortYield
00000040 80070000*       196     jr _vPortYield
                         197 
                         198 

                                                                      Page 19
                                                              C:\Users\a5085281\AppData\Local\Temp\gh_00002vg1.s
                         199 
                         200 
00000044 000000000000    201     .offset 0x0050
0000004a 000000000000 
                         202 
                         203 
                         204 
                         205 
00000050 80070000*       206     jr __unused_isr
                         207 
                         208 
00000054 000000000000    209     .offset 0x0060
0000005a 000000000000 
                         210 
                         211 
                         212 
                         213 
00000060 80070000*       214     jr __unused_isr
                         215 
                         216 
00000064 000000000000    217     .offset 0x0080
0000006a 000000000000 
00000070 000000000000 
00000076 000000000000 
0000007c 00000000 
                         218 
                         219 
                         220 
                         221 
00000080 80070000*       222     jr __unused_isr
                         223 
                         224 
00000084 000000000000    225     .offset 0x0090
0000008a 000000000000 
                         226 
                         227 
                         228 
                         229 
00000090 80070000*       230     jr __unused_isr
                         231 
                         232 
00000094 000000000000    233     .offset 0x00a0
0000009a 000000000000 
                         234 
                         235 
                         236 
                         237 
000000a0 80070000*       238     jr __unused_isr
                         239 
                         240 
000000a4 000000000000    241     .offset 0x00c0
000000aa 000000000000 
000000b0 000000000000 
000000b6 000000000000 
000000bc 00000000 
                         242 
                         243 
                         244 
                         245 
000000c0 80070000*       246     jr __unused_isr
                         247 

                                                                      Page 20
                                                              C:\Users\a5085281\AppData\Local\Temp\gh_00002vg1.s
                         248 
000000c4 000000000000    249     .offset 0x00e0
000000ca 000000000000 
000000d0 000000000000 
000000d6 000000000000 
000000dc 00000000 
                         250 
                         251 
                         252 
                         253 
000000e0 80070000*       254     jr __unused_isr
                         255 
                         256 
000000e4 000000000000    257     .offset 0x00f0
000000ea 000000000000 
                         258 
                         259 
                         260 
                         261 
000000f0 80070000*       262     jr __unused_isr
                         263 
                         264 
000000f4 000000000000    265     .offset 0x0100
000000fa 000000000000 
                         266 
                         267 
                         268 
                         269 
00000100 80070000*       270     jr __unused_isr
                         271 
                         272 
00000104 000000000000    273     .offset 0x0110
0000010a 000000000000 
                         274 
                         275 
                         276 
                         277 
00000110 80070000*       278     jr __unused_isr
                         279 
                         280 
00000114 000000000000    281     .offset 0x0120
0000011a 000000000000 
                         282 
                         283 
                         284 
                         285 
00000120 80070000*       286     jr __unused_isr
                         287 
                         288 
00000124 000000000000    289     .offset 0x0130
0000012a 000000000000 
                         290 
                         291 
                         292 
                         293 
00000130 80070000*       294     jr __unused_isr
                         295 
                         296 
00000134 000000000000    297     .offset 0x0140
0000013a 000000000000 
                         298 

                                                                      Page 21
                                                              C:\Users\a5085281\AppData\Local\Temp\gh_00002vg1.s
                         299 
                         300 
                         301 
00000140 80070000*       302     jr __unused_isr
                         303 
                         304 
00000144 000000000000    305     .offset 0x0150
0000014a 000000000000 
                         306 
                         307 
                         308 
                         309 
00000150 80070000*       310     jr __unused_isr
                         311 
                         312 
00000154 000000000000    313     .offset 0x0160
0000015a 000000000000 
                         314 
                         315 
                         316 
                         317 
00000160 80070000*       318     jr __unused_isr
                         319 
                         320 
00000164 000000000000    321     .offset 0x0170
0000016a 000000000000 
                         322 
                         323 
                         324 
                         325 
00000170 80070000*       326     jr __unused_isr
                         327 
                         328 
00000174 000000000000    329     .offset 0x0180
0000017a 000000000000 
                         330 
                         331 
                         332 
                         333 
00000180 80070000*       334     jr __unused_isr
                         335 
                         336 
00000184 000000000000    337     .offset 0x0190
0000018a 000000000000 
                         338 
                         339 
                         340 
                         341 
00000190 80070000*       342     jr __unused_isr
                         343 
                         344 
00000194 000000000000    345     .offset 0x01a0
0000019a 000000000000 
                         346 
                         347 
                         348 
                         349 
000001a0 80070000*       350     jr __unused_isr
                         351 
                         352 
000001a4 000000000000    353     .offset 0x01b0

                                                                      Page 22
                                                              C:\Users\a5085281\AppData\Local\Temp\gh_00002vg1.s
000001aa 000000000000 
                         354 
                         355 
                         356 
                         357 
000001b0 80070000*       358     jr __unused_isr
                         359 
                         360 
000001b4 000000000000    361     .offset 0x01c0
000001ba 000000000000 
                         362 
                         363 
                         364 
                         365 
000001c0 80070000*       366     jr __unused_isr
                         367 
                         368 
000001c4 000000000000    369     .offset 0x01d0
000001ca 000000000000 
                         370 
                         371 
                         372 
                         373 
000001d0 80070000*       374     jr __unused_isr
                         375 
                         376 
000001d4 000000000000    377     .offset 0x01e0
000001da 000000000000 
                         378 
                         379 
                         380 
                         381 
000001e0 80070000*       382     jr __unused_isr
                         383 
                         384 
000001e4 000000000000    385     .offset 0x01f0
000001ea 000000000000 
                         386 
                         387 
                         388 
                         389 
000001f0 80070000*       390     jr __unused_isr
                         391 
                         392 
000001f4 000000000000    393     .offset (0x00000200u)
000001fa 000000000000 
                         394 _irq_table_start:
00000200 000000000000    395     .offset (0x00000200u+0x0020)
00000206 000000000000 
0000020c 000000000000 
00000212 000000000000 
00000218 000000000000 
0000021e 0000 
                         396 
                         397     .extern _INTTAUD0I0
00000220 00000000*       398     .word _INTTAUD0I0
                         399 
                         400 
                         401 
                         402 
                         403     .offset (0x00000200u+0x0024)

                                                                      Page 23
                                                              C:\Users\a5085281\AppData\Local\Temp\gh_00002vg1.s
                         404 
                         405 
                         406 
                         407 
00000224 00000000*       408     .word __unused_isr
                         409 
                         410 
                         411     .offset (0x00000200u+0x0028)
                         412 
                         413 
                         414 
                         415 
00000228 00000000*       416     .word __unused_isr
                         417 
                         418 
                         419     .offset (0x00000200u+0x002c)
                         420 
                         421 
                         422 
                         423 
0000022c 00000000*       424     .word __unused_isr
                         425 
                         426 
                         427     .offset (0x00000200u+0x0030)
                         428 
                         429 
                         430 
                         431 
00000230 00000000*       432     .word __unused_isr
                         433 
                         434 
                         435     .offset (0x00000200u+0x0034)
                         436 
                         437 
                         438 
                         439 
00000234 00000000*       440     .word __unused_isr
                         441 
                         442 
                         443     .offset (0x00000200u+0x0038)
                         444 
                         445 
                         446 
                         447 
00000238 00000000*       448     .word __unused_isr
                         449 
                         450 
                         451     .offset (0x00000200u+0x003c)
                         452 
                         453 
                         454 
                         455 
0000023c 00000000*       456     .word __unused_isr
                         457 
                         458 
                         459     .offset (0x00000200u+0x0040)
                         460 
                         461 
                         462 
                         463 
00000240 00000000*       464     .word __unused_isr

                                                                      Page 24
                                                              C:\Users\a5085281\AppData\Local\Temp\gh_00002vg1.s
                         465 
                         466 
                         467     .offset (0x00000200u+0x0044)
                         468 
                         469 
                         470 
                         471 
00000244 00000000*       472     .word __unused_isr
                         473 
                         474 
                         475     .offset (0x00000200u+0x0048)
                         476 
                         477 
                         478 
                         479 
00000248 00000000*       480     .word __unused_isr
                         481 
                         482 
                         483     .offset (0x00000200u+0x004c)
                         484 
                         485 
                         486 
                         487 
0000024c 00000000*       488     .word __unused_isr
                         489 
                         490 
                         491 
                         492 
                         493 
                         494 
                         495 
                         496 
                         497 
                         498 
                         499 
00000250 00000000*       500     .word __unused_isr
                         501 
                         502 
                         503     .offset (0x00000200u+0x0054)
                         504 
                         505 
                         506 
                         507 
00000254 00000000*       508     .word __unused_isr
                         509 
                         510 
                         511     .offset (0x00000200u+0x0058)
                         512 
                         513     .extern _INTRCANGERR0
00000258 00000000*       514     .word _INTRCANGERR0
                         515 
                         516 
                         517 
                         518 
                         519     .offset (0x00000200u+0x005c)
                         520 
                         521     .extern _INTRCANGRECC0
0000025c 00000000*       522     .word _INTRCANGRECC0
                         523 
                         524 
                         525 

                                                                      Page 25
                                                              C:\Users\a5085281\AppData\Local\Temp\gh_00002vg1.s
                         526 
                         527     .offset (0x00000200u+0x0060)
                         528 
                         529 
                         530 
                         531 
00000260 00000000*       532     .word __unused_isr
                         533 
                         534 
                         535     .offset (0x00000200u+0x0064)
                         536 
                         537 
                         538 
                         539 
00000264 00000000*       540     .word __unused_isr
                         541 
                         542 
                         543     .offset (0x00000200u+0x0068)
                         544 
                         545 
                         546 
                         547 
00000268 00000000*       548     .word __unused_isr
                         549 
                         550 
                         551     .offset (0x00000200u+0x006c)
                         552 
                         553 
                         554 
                         555 
0000026c 00000000*       556     .word __unused_isr
                         557 
                         558 
                         559     .offset (0x00000200u+0x0070)
                         560 
                         561 
                         562 
                         563 
00000270 00000000*       564     .word __unused_isr
                         565 
                         566 
                         567     .offset (0x00000200u+0x0074)
                         568 
                         569 
                         570 
                         571 
00000274 00000000*       572     .word __unused_isr
                         573 
                         574 
                         575     .offset (0x00000200u+0x0078)
                         576 
                         577 
                         578 
                         579 
00000278 00000000*       580     .word __unused_isr
                         581 
                         582 
                         583     .offset (0x00000200u+0x007c)
                         584 
                         585 
                         586 

                                                                      Page 26
                                                              C:\Users\a5085281\AppData\Local\Temp\gh_00002vg1.s
                         587 
0000027c 00000000*       588     .word __unused_isr
                         589 
                         590 
                         591 
                         592 
                         593 
                         594 
                         595 
                         596 
                         597 
                         598 
                         599 
00000280 00000000*       600     .word __unused_isr
                         601 
                         602 
                         603     .offset (0x00000200u+0x0084)
                         604 
                         605 
                         606 
                         607 
00000284 00000000*       608     .word __unused_isr
                         609 
                         610 
                         611     .offset (0x00000200u+0x0088)
                         612 
                         613 
                         614 
                         615 
00000288 00000000*       616     .word __unused_isr
                         617 
                         618 
                         619     .offset (0x00000200u+0x008c)
                         620 
                         621 
                         622 
                         623 
0000028c 00000000*       624     .word __unused_isr
                         625 
                         626 
                         627     .offset (0x00000200u+0x0090)
                         628 
                         629 
                         630 
                         631 
00000290 00000000*       632     .word __unused_isr
                         633 
                         634 
                         635     .offset (0x00000200u+0x0094)
                         636 
                         637 
                         638 
                         639 
00000294 00000000*       640     .word __unused_isr
                         641 
                         642 
                         643     .offset (0x00000200u+0x0098)
                         644 
                         645 
                         646 
                         647 

                                                                      Page 27
                                                              C:\Users\a5085281\AppData\Local\Temp\gh_00002vg1.s
00000298 00000000*       648     .word __unused_isr
                         649 
                         650 
                         651     .offset (0x00000200u+0x009c)
                         652 
                         653 
                         654 
                         655 
0000029c 00000000*       656     .word __unused_isr
                         657 
                         658 
                         659     .offset (0x00000200u+0x00a0)
                         660 
                         661 
                         662 
                         663 
000002a0 00000000*       664     .word __unused_isr
                         665 
                         666 
                         667     .offset (0x00000200u+0x00a4)
                         668 
                         669 
                         670 
                         671 
000002a4 00000000*       672     .word __unused_isr
                         673 
                         674 
000002a8 00000000        675     .offset (0x00000200u+0x00ac)
                         676 
                         677 
                         678 
                         679 
000002ac 00000000*       680     .word __unused_isr
                         681 
                         682 
                         683     .offset (0x00000200u+0x00b0)
                         684 
                         685 
                         686 
                         687 
000002b0 00000000*       688     .word __unused_isr
                         689 
                         690 
                         691     .offset (0x00000200u+0x00b4)
                         692 
                         693 
                         694 
                         695 
000002b4 00000000*       696     .word __unused_isr
                         697 
                         698 
                         699     .offset (0x00000200u+0x00b8)
                         700 
                         701 
                         702 
                         703 
000002b8 00000000*       704     .word __unused_isr
                         705 
                         706 
                         707     .offset (0x00000200u+0x00bc)
                         708 

                                                                      Page 28
                                                              C:\Users\a5085281\AppData\Local\Temp\gh_00002vg1.s
                         709 
                         710 
                         711 
000002bc 00000000*       712     .word __unused_isr
                         713 
                         714 
                         715     .offset (0x00000200u+0x00c0)
                         716 
                         717 
                         718 
                         719 
000002c0 00000000*       720     .word __unused_isr
                         721 
                         722 
                         723     .offset (0x00000200u+0x00c4)
                         724 
                         725 
                         726 
                         727 
000002c4 00000000*       728     .word __unused_isr
                         729 
                         730 
                         731     .offset (0x00000200u+0x00c8)
                         732 
                         733 
                         734 
                         735 
000002c8 00000000*       736     .word __unused_isr
                         737 
                         738 
                         739     .offset (0x00000200u+0x00cc)
                         740 
                         741 
                         742 
                         743 
000002cc 00000000*       744     .word __unused_isr
                         745 
                         746 
                         747     .offset (0x00000200u+0x00d0)
                         748 
                         749 
                         750 
                         751 
000002d0 00000000*       752     .word __unused_isr
                         753 
                         754 
                         755     .offset (0x00000200u+0x00d4)
                         756 
                         757 
                         758 
                         759 
000002d4 00000000*       760     .word __unused_isr
                         761 
                         762 
                         763     .offset (0x00000200u+0x00d8)
                         764 
                         765 
                         766 
                         767 
000002d8 00000000*       768     .word __unused_isr
                         769 

                                                                      Page 29
                                                              C:\Users\a5085281\AppData\Local\Temp\gh_00002vg1.s
                         770 
                         771     .offset (0x00000200u+0x00dc)
                         772 
                         773 
                         774 
                         775 
000002dc 00000000*       776     .word __unused_isr
                         777 
                         778 
                         779     .offset (0x00000200u+0x00e0)
                         780 
                         781 
                         782 
                         783 
000002e0 00000000*       784     .word __unused_isr
                         785 
                         786 
                         787     .offset (0x00000200u+0x00e4)
                         788 
                         789 
                         790 
                         791 
000002e4 00000000*       792     .word __unused_isr
                         793 
                         794 
                         795     .offset (0x00000200u+0x00e8)
                         796 
                         797 
                         798 
                         799 
000002e8 00000000*       800     .word __unused_isr
                         801 
                         802 
                         803     .offset (0x00000200u+0x00ec)
                         804 
                         805 
                         806 
                         807 
000002ec 00000000*       808     .word __unused_isr
                         809 
                         810 
                         811     .offset (0x00000200u+0x00f0)
                         812 
                         813 
                         814 
                         815 
000002f0 00000000*       816     .word __unused_isr
                         817 
                         818 
                         819     .offset (0x00000200u+0x00f4)
                         820 
                         821 
                         822 
                         823 
000002f4 00000000*       824     .word __unused_isr
                         825 
                         826 
                         827     .offset (0x00000200u+0x00f8)
                         828 
                         829 
                         830 

                                                                      Page 30
                                                              C:\Users\a5085281\AppData\Local\Temp\gh_00002vg1.s
                         831 
000002f8 00000000*       832     .word __unused_isr
                         833 
                         834 
                         835     .offset (0x00000200u+0x00fc)
                         836 
                         837 
                         838 
                         839 
000002fc 00000000*       840     .word __unused_isr
                         841 
                         842 
                         843     .offset (0x00000200u+0x0100)
                         844 
                         845 
                         846 
                         847 
00000300 00000000*       848     .word __unused_isr
                         849 
                         850 
                         851     .offset (0x00000200u+0x0104)
                         852 
                         853 
                         854 
                         855 
00000304 00000000*       856     .word __unused_isr
                         857 
                         858 
                         859     .offset (0x00000200u+0x0108)
                         860 
                         861 
                         862 
                         863 
00000308 00000000*       864     .word __unused_isr
                         865 
                         866 
                         867     .offset (0x00000200u+0x010c)
                         868 
                         869 
                         870 
                         871 
0000030c 00000000*       872     .word __unused_isr
                         873 
                         874 
                         875     .offset (0x00000200u+0x0110)
                         876 
                         877 
                         878 
                         879 
00000310 00000000*       880     .word __unused_isr
                         881 
                         882 
                         883     .offset (0x00000200u+0x0114)
                         884 
                         885 
                         886 
                         887 
00000314 00000000*       888     .word __unused_isr
                         889 
                         890 
                         891     .offset (0x00000200u+0x0118)

                                                                      Page 31
                                                              C:\Users\a5085281\AppData\Local\Temp\gh_00002vg1.s
                         892 
                         893 
                         894 
                         895 
00000318 00000000*       896     .word __unused_isr
                         897 
                         898 
                         899     .offset (0x00000200u+0x011c)
                         900 
                         901 
                         902 
                         903 
0000031c 00000000*       904     .word __unused_isr
                         905 
                         906 
                         907     .offset (0x00000200u+0x0120)
                         908 
                         909 
                         910 
                         911 
00000320 00000000*       912     .word __unused_isr
                         913 
                         914 
                         915     .offset (0x00000200u+0x0124)
                         916 
                         917 
                         918 
                         919 
00000324 00000000*       920     .word __unused_isr
                         921 
                         922 
                         923     .offset (0x00000200u+0x0128)
                         924 
                         925 
                         926 
                         927 
00000328 00000000*       928     .word __unused_isr
                         929 
                         930 
                         931     .offset (0x00000200u+0x012c)
                         932 
                         933 
                         934 
                         935 
0000032c 00000000*       936     .word __unused_isr
                         937 
                         938 
                         939     .offset (0x00000200u+0x0130)
                         940 
                         941 
                         942 
                         943 
00000330 00000000*       944     .word __unused_isr
                         945 
                         946 
                         947     .offset (0x00000200u+0x0134)
                         948 
                         949 
                         950 
                         951 
00000334 00000000*       952     .word __unused_isr

                                                                      Page 32
                                                              C:\Users\a5085281\AppData\Local\Temp\gh_00002vg1.s
                         953 
                         954 
                         955     .offset (0x00000200u+0x0138)
                         956 
                         957 
                         958 
                         959 
00000338 00000000*       960     .word __unused_isr
                         961 
                         962 
                         963     .offset (0x00000200u+0x013c)
                         964 
                         965 
                         966 
                         967 
0000033c 00000000*       968     .word __unused_isr
                         969 
                         970 
                         971     .offset (0x00000200u+0x0140)
                         972 
                         973 
                         974 
                         975 
00000340 00000000*       976     .word __unused_isr
                         977 
                         978 
                         979     .offset (0x00000200u+0x0144)
                         980 
                         981 
                         982 
                         983 
00000344 00000000*       984     .word __unused_isr
                         985 
                         986 
                         987     .offset (0x00000200u+0x0148)
                         988 
                         989 
                         990 
                         991 
00000348 00000000*       992     .word __unused_isr
                         993 
                         994 
                         995     .offset (0x00000200u+0x014c)
                         996 
                         997 
                         998 
                         999 
0000034c 00000000*      1000     .word __unused_isr
                        1001 
                        1002 
                        1003     .offset (0x00000200u+0x0150)
                        1004 
                        1005     .extern _OSTMTINT_ISR
00000350 00000000*      1006     .word _OSTMTINT_ISR
                        1007 
                        1008 
                        1009 
                        1010 
                        1011     .offset (0x00000200u+0x0154)
                        1012 
                        1013 

                                                                      Page 33
                                                              C:\Users\a5085281\AppData\Local\Temp\gh_00002vg1.s
                        1014 
                        1015 
00000354 00000000*      1016     .word __unused_isr
                        1017 
                        1018 
                        1019     .offset (0x00000200u+0x0158)
                        1020 
                        1021 
                        1022 
                        1023 
00000358 00000000*      1024     .word __unused_isr
                        1025 
                        1026 
                        1027     .offset (0x00000200u+0x015c)
                        1028 
                        1029 
                        1030 
                        1031 
0000035c 00000000*      1032     .word __unused_isr
                        1033 
                        1034 
                        1035     .offset (0x00000200u+0x0160)
                        1036 
                        1037 
                        1038 
                        1039 
00000360 00000000*      1040     .word __unused_isr
                        1041 
                        1042 
                        1043     .offset (0x00000200u+0x0164)
                        1044 
                        1045 
                        1046 
                        1047 
00000364 00000000*      1048     .word __unused_isr
                        1049 
                        1050 
                        1051     .offset (0x00000200u+0x0168)
                        1052 
                        1053 
                        1054 
                        1055 
00000368 00000000*      1056     .word __unused_isr
                        1057 
                        1058 
                        1059     .offset (0x00000200u+0x016c)
                        1060 
                        1061 
                        1062 
                        1063 
0000036c 00000000*      1064     .word __unused_isr
                        1065 
                        1066 
                        1067     .offset (0x00000200u+0x0170)
                        1068 
                        1069 
                        1070 
                        1071 
00000370 00000000*      1072     .word __unused_isr
                        1073 
                        1074 

                                                                      Page 34
                                                              C:\Users\a5085281\AppData\Local\Temp\gh_00002vg1.s
00000374 000000000000   1075     .offset (0x00000200u+0x01b8)
0000037a 000000000000 
00000380 000000000000 
00000386 000000000000 
0000038c 000000000000 
00000392 000000000000 
00000398 000000000000 
0000039e 000000000000 
000003a4 000000000000 
000003aa 000000000000 
000003b0 000000000000 
000003b6 0000 
                        1076 
                        1077 
                        1078 
                        1079 
000003b8 00000000*      1080     .word __unused_isr
                        1081 
                        1082 
                        1083     .offset (0x00000200u+0x01bc)
                        1084 
                        1085 
                        1086 
                        1087 
000003bc 00000000*      1088     .word __unused_isr
                        1089 
                        1090 
                        1091     .offset (0x00000200u+0x01c0)
                        1092 
                        1093 
                        1094 
                        1095 
000003c0 00000000*      1096     .word __unused_isr
                        1097 
                        1098 
                        1099     .offset (0x00000200u+0x01c4)
                        1100 
                        1101     .extern _INTRCAN1ERR
000003c4 00000000*      1102     .word _INTRCAN1ERR
                        1103 
                        1104 
                        1105 
                        1106 
                        1107     .offset (0x00000200u+0x01c8)
                        1108 
                        1109     .extern _INTRCAN1REC
000003c8 00000000*      1110     .word _INTRCAN1REC
                        1111 
                        1112 
                        1113 
                        1114 
                        1115     .offset (0x00000200u+0x01cc)
                        1116 
                        1117     .extern _INTRCAN1TRX
000003cc 00000000*      1118     .word _INTRCAN1TRX
                        1119 
                        1120 
                        1121 
                        1122 
                        1123     .offset (0x00000200u+0x01d0)
                        1124 

                                                                      Page 35
                                                              C:\Users\a5085281\AppData\Local\Temp\gh_00002vg1.s
                        1125 
                        1126 
                        1127 
000003d0 00000000*      1128     .word __unused_isr
                        1129 
                        1130 
                        1131     .offset (0x00000200u+0x01d4)
                        1132 
                        1133 
                        1134 
                        1135 
000003d4 00000000*      1136     .word __unused_isr
                        1137 
                        1138 
                        1139     .offset (0x00000200u+0x01d8)
                        1140 
                        1141 
                        1142 
                        1143 
000003d8 00000000*      1144     .word __unused_isr
                        1145 
                        1146 
                        1147     .offset (0x00000200u+0x01dc)
                        1148 
                        1149 
                        1150 
                        1151 
000003dc 00000000*      1152     .word __unused_isr
                        1153 
                        1154 
                        1155     .offset (0x00000200u+0x01e0)
                        1156 
                        1157 
                        1158 
                        1159 
000003e0 00000000*      1160     .word __unused_isr
                        1161 
                        1162 
                        1163     .offset (0x00000200u+0x01e4)
                        1164 
                        1165 
                        1166 
                        1167 
000003e4 00000000*      1168     .word __unused_isr
                        1169 
                        1170 
                        1171     .offset (0x00000200u+0x01e8)
                        1172 
                        1173 
                        1174 
                        1175 
000003e8 00000000*      1176     .word __unused_isr
                        1177 
                        1178 
                        1179     .offset (0x00000200u+0x01ec)
                        1180 
                        1181 
                        1182 
                        1183 
000003ec 00000000*      1184     .word __unused_isr
                        1185 

                                                                      Page 36
                                                              C:\Users\a5085281\AppData\Local\Temp\gh_00002vg1.s
                        1186 
000003f0 000000000000   1187     .offset (0x00000200u+0x0210)
000003f6 000000000000 
000003fc 000000000000 
00000402 000000000000 
00000408 000000000000 
0000040e 0000 
                        1188 
                        1189 
                        1190 
                        1191 
00000410 00000000*      1192     .word __unused_isr
                        1193 
                        1194 
                        1195     .offset (0x00000200u+0x0214)
                        1196 
                        1197 
                        1198 
                        1199 
00000414 00000000*      1200     .word __unused_isr
                        1201 
                        1202 
                        1203     .offset (0x00000200u+0x0218)
                        1204 
                        1205 
                        1206 
                        1207 
00000418 00000000*      1208     .word __unused_isr
                        1209 
                        1210 
                        1211     .offset (0x00000200u+0x021c)
                        1212 
                        1213 
                        1214 
                        1215 
0000041c 00000000*      1216     .word __unused_isr
                        1217 
                        1218 
00000420 000000000000   1219     .offset (0x00000200u+0x0278)
00000426 000000000000 
0000042c 000000000000 
00000432 000000000000 
00000438 000000000000 
0000043e 000000000000 
00000444 000000000000 
0000044a 000000000000 
00000450 000000000000 
00000456 000000000000 
0000045c 000000000000 
00000462 000000000000 
00000468 000000000000 
0000046e 000000000000 
00000474 00000000 
                        1220 
                        1221 
                        1222 
                        1223 
00000478 00000000*      1224     .word __unused_isr
                        1225 
                        1226 
                        1227     .offset (0x00000200u+0x027c)

                                                                      Page 37
                                                              C:\Users\a5085281\AppData\Local\Temp\gh_00002vg1.s
                        1228 
                        1229 
                        1230 
                        1231 
0000047c 00000000*      1232     .word __unused_isr
                        1233 
                        1234 
                        1235     .offset (0x00000200u+0x0280)
                        1236 
                        1237 
                        1238 
                        1239 
00000480 00000000*      1240     .word __unused_isr
                        1241 
                        1242 
                        1243     .offset (0x00000200u+0x0284)
                        1244 
                        1245 
                        1246 
                        1247 
00000484 00000000*      1248     .word __unused_isr
                        1249 
                        1250 
00000488 000000000000   1251     .offset (0x00000200u+0x02a0)
0000048e 000000000000 
00000494 000000000000 
0000049a 000000000000 
                        1252 
                        1253 
                        1254 
                        1255 
000004a0 00000000*      1256     .word __unused_isr
                        1257 
                        1258 
                        1259     .offset (0x00000200u+0x02a4)
                        1260 
                        1261 
                        1262 
                        1263 
000004a4 00000000*      1264     .word __unused_isr
                        1265 
                        1266 
                        1267     .offset (0x00000200u+0x02a8)
                        1268 
                        1269 
                        1270 
                        1271 
000004a8 00000000*      1272     .word __unused_isr
                        1273 
                        1274 
                        1275     .offset (0x00000200u+0x02ac)
                        1276 
                        1277 
                        1278 
                        1279 
000004ac 00000000*      1280     .word __unused_isr
                        1281 
                        1282 
000004b0 000000000000   1283     .offset (0x00000200u+0x0344)
000004b6 000000000000 
000004bc 000000000000 

                                                                      Page 38
                                                              C:\Users\a5085281\AppData\Local\Temp\gh_00002vg1.s
000004c2 000000000000 
000004c8 000000000000 
000004ce 000000000000 
000004d4 000000000000 
000004da 000000000000 
000004e0 000000000000 
000004e6 000000000000 
000004ec 000000000000 
000004f2 000000000000 
000004f8 000000000000 
000004fe 000000000000 
00000504 000000000000 
0000050a 000000000000 
00000510 000000000000 
00000516 000000000000 
0000051c 000000000000 
00000522 000000000000 
00000528 000000000000 
0000052e 000000000000 
00000534 000000000000 
0000053a 000000000000 
00000540 00000000 
                        1284 
                        1285 
                        1286 
                        1287 
00000544 00000000*      1288     .word __unused_isr
                        1289 
                        1290 
                        1291     .offset (0x00000200u+0x0348)
                        1292 
                        1293 
                        1294 
                        1295 
00000548 00000000*      1296     .word __unused_isr
                        1297 
                        1298 
                        1299     .offset (0x00000200u+0x034c)
                        1300 
                        1301 
                        1302 
                        1303 
0000054c 00000000*      1304     .word __unused_isr
                        1305 
                        1306 
00000550 000000000000   1307     .offset (0x00000200u+0x0364)
00000556 000000000000 
0000055c 000000000000 
00000562 0000 
                        1308 
                        1309 
                        1310 
                        1311 
00000564 00000000*      1312     .word __unused_isr
                        1313 
                        1314 
                        1315     .offset (0x00000200u+0x0368)
                        1316 
                        1317 
                        1318 
                        1319 

                                                                      Page 39
                                                              C:\Users\a5085281\AppData\Local\Temp\gh_00002vg1.s
00000568 00000000*      1320     .word __unused_isr
                        1321 
                        1322 
                        1323     .offset (0x00000200u+0x036c)
                        1324 
                        1325 
                        1326 
                        1327 
0000056c 00000000*      1328     .word __unused_isr
                        1329 
                        1330 
00000570 000000000000   1331     .offset (0x00000200u+0x03c0)
00000576 000000000000 
0000057c 000000000000 
00000582 000000000000 
00000588 000000000000 
0000058e 000000000000 
00000594 000000000000 
0000059a 000000000000 
000005a0 000000000000 
000005a6 000000000000 
000005ac 000000000000 
000005b2 000000000000 
000005b8 000000000000 
000005be 0000 
                        1332 
                        1333 
                        1334 
                        1335 
000005c0 00000000*      1336     .word __unused_isr
                        1337 
                        1338 
                        1339     .offset (0x00000200u+0x03c4)
                        1340 
                        1341 
                        1342 
                        1343 
000005c4 00000000*      1344     .word __unused_isr
                        1345 
                        1346 
                        1347     .offset (0x00000200u+0x03c8)
                        1348 
                        1349 
                        1350 
                        1351 
000005c8 00000000*      1352     .word __unused_isr
                        1353 
                        1354 
                        1355     .offset (0x00000200u+0x03cc)
                        1356 
                        1357 
                        1358 
                        1359 
000005cc 00000000*      1360     .word __unused_isr
                        1361 
                        1362 
000005d0 000000000000   1363     .offset (0x00000200u+0x0454)
000005d6 000000000000 
000005dc 000000000000 
000005e2 000000000000 
000005e8 000000000000 

                                                                      Page 40
                                                              C:\Users\a5085281\AppData\Local\Temp\gh_00002vg1.s
000005ee 000000000000 
000005f4 000000000000 
000005fa 000000000000 
00000600 000000000000 
00000606 000000000000 
0000060c 000000000000 
00000612 000000000000 
00000618 000000000000 
0000061e 000000000000 
00000624 000000000000 
0000062a 000000000000 
00000630 000000000000 
00000636 000000000000 
0000063c 000000000000 
00000642 000000000000 
00000648 000000000000 
0000064e 000000000000 
                        1364 
                        1365 
                        1366 
                        1367 
00000654 00000000*      1368     .word __unused_isr
                        1369 
                        1370 
                        1371     .offset (0x00000200u+0x0458)
                        1372 
                        1373 
                        1374 
                        1375 
00000658 00000000*      1376     .word __unused_isr
                        1377 
                        1378 
                        1379     .offset (0x00000200u+0x045c)
                        1380 
                        1381 
                        1382 
                        1383 
0000065c 00000000*      1384     .word __unused_isr
                        1385 
                        1386 
                        1387     .offset (0x00000200u+0x0460)
                        1388 
                        1389 
                        1390 
                        1391 
00000660 00000000*      1392     .word __unused_isr
                        1393 
                        1394 
                        1395     .offset (0x00000200u+0x0464)
                        1396 
                        1397 
                        1398 
                        1399 
00000664 00000000*      1400     .word __unused_isr
                        1401 
                        1402 
                        1403     .offset (0x00000200u+0x0468)
                        1404 
                        1405 
                        1406 
                        1407 

                                                                      Page 41
                                                              C:\Users\a5085281\AppData\Local\Temp\gh_00002vg1.s
00000668 00000000*      1408     .word __unused_isr
                        1409 
                        1410 
                        1411     .offset (0x00000200u+0x046c)
                        1412 
                        1413 
                        1414 
                        1415 
0000066c 00000000*      1416     .word __unused_isr
                        1417 
                        1418 
                        1419     .offset (0x00000200u+0x0470)
                        1420 
                        1421 
                        1422 
                        1423 
00000670 00000000*      1424     .word __unused_isr
                        1425 
                        1426 
00000674 000000000000   1427     .offset (0x00000200u+0x056c)
0000067a 000000000000 
00000680 000000000000 
00000686 000000000000 
0000068c 000000000000 
00000692 000000000000 
00000698 000000000000 
0000069e 000000000000 
000006a4 000000000000 
000006aa 000000000000 
000006b0 000000000000 
000006b6 000000000000 
000006bc 000000000000 
000006c2 000000000000 
000006c8 000000000000 
000006ce 000000000000 
000006d4 000000000000 
000006da 000000000000 
000006e0 000000000000 
000006e6 000000000000 
000006ec 000000000000 
000006f2 000000000000 
000006f8 000000000000 
000006fe 000000000000 
00000704 000000000000 
0000070a 000000000000 
00000710 000000000000 
00000716 000000000000 
0000071c 000000000000 
00000722 000000000000 
00000728 000000000000 
0000072e 000000000000 
00000734 000000000000 
0000073a 000000000000 
00000740 000000000000 
00000746 000000000000 
0000074c 000000000000 
00000752 000000000000 
00000758 000000000000 
0000075e 000000000000 
00000764 000000000000 
0000076a 0000 

                                                                      Page 42
                                                              C:\Users\a5085281\AppData\Local\Temp\gh_00002vg1.s
                        1428 
                        1429 
                        1430 
                        1431 
0000076c 00000000*      1432     .word __unused_isr
                        1433 
                        1434 
                        1435     .offset (0x00000200u+0x0570)
                        1436 
                        1437 
                        1438 
                        1439 
00000770 00000000*      1440     .word __unused_isr
                        1441 
                        1442 
                        1443     .offset (0x00000200u+0x0574)
                        1444 
                        1445 
                        1446 
                        1447 
00000774 00000000*      1448     .word __unused_isr
                        1449 
                        1450 
                        1451     .offset (0x00000200u+0x0578)
                        1452 
                        1453 
                        1454 
                        1455 
00000778 00000000*      1456     .word __unused_isr
                        1457 
                        1458 
0000077c 000000000000   1459     .offset (0x00000200u+0x0590)
00000782 000000000000 
00000788 000000000000 
0000078e 0000 
                        1460 
                        1461 
                        1462 
                        1463 
00000790 00000000*      1464     .word __unused_isr
                        1465 
                        1466 
                        1467     .offset (0x00000200u+0x0594)
                        1468 
                        1469 
                        1470 
                        1471 
00000794 00000000*      1472     .word __unused_isr
                        1473 
                        1474 
                        1475 
                        1476 
                        1477 
