                                                                      Page 1
                                                              C:\Users\a5085281\AppData\Local\Temp\gh_00008c81.s
Command Line: C:\ghs\comp_201715\ease850.exe -w -elf -b0 -I.\tgt -I.\src -I.\src\can -I.\src\clock -I.\src\external interrupt -I.\src\port -I.\src\TAUB\Interval_timer -I.\src\RTOS -I.\src\RTOS\include -I.\src\RTOS\portable -I.\src\RTOS\portable\GHS -I.\src\RTOS\portable\GHS\MemMang -I.\src\Config_OSTM0 -IC:\ghs\comp_201715\lib\rh850 -cg_underscore -cpu=rh850g3kh -nofpu_double -no_v850_simd -nomacro -patch_dbo=D:\working\My_workArea\Renesas_training\Training Material\GHS\Thomas Training\freeRTOS_IVT_placement_from_ARRAY\R7F7016904\objs\debug\src_R7F7016904\ISR_placement.dbo -source=ISR_placement.c -o objs\debug\src_R7F7016904\gh_00008c81.o -list=objs\debug\src_R7F7016904\ISR_placement.lst C:\Users\a5085281\AppData\Local\Temp\gh_00008c81.s 
Original File: C:\Users\a5085281\AppData\Local\Temp\gh_00008c81.s
Source File: ISR_placement.c
Directory: D:\working\My_workArea\Renesas_training\Training Material\GHS\Thomas Training\freeRTOS_IVT_placement_from_ARRAY\R7F7016904
Host OS: Windows
EASE: Copyright (C) 1983-2016 Green Hills Software.  All Rights Reserved.
Release: Compiler v2017.1.5
Build Directory: [Directory] BTOWINBOX:c:/build_2017_1_bto/2017-04-10.1915-2017_1_bto/win32-comp-ecom
Revision: [VCInfo] http://toolsvc/branches/release-branch-2017-1-bto/src@589663 (built by build)
Revision Date: Tue Apr 11 09:18:51 2017

Release Date: Tue Apr 11 11:11:44 2017

                           1 --Driver Command: ccv850 -c -MD -I.\tgt -I.\src -I.\src\can -I.\src\clock
                           2 --		-I.\src\external interrupt -I.\src\port
                           3 --		-I.\src\TAUB\Interval_timer -I.\src\RTOS -I.\src\RTOS\include
                           4 --		-I.\src\RTOS\portable -I.\src\RTOS\portable\GHS
                           5 --		-I.\src\RTOS\portable\GHS\MemMang -I.\src\Config_OSTM0 -Odebug
                           6 --		-bsp generic -cpu=rh850g3kh -g -dual_debug -inline_prologue
                           7 --		-sda=all -Wundef -reserve_r2 --short_enum --prototype_errors
                           8 --		-large_sda --no_commons -shorten_loads -shorten_moves -Wshadow
                           9 --		-MD -passsource --preprocess_linker_directive_full --switch_table
                          10 --		-list -object_dir=objs\debug\src_R7F7016904 -filetype.c
                          11 --		src\ISR_placement.c -o objs\debug\src_R7F7016904\ISR_placement.o
                          12 --Source File:   src\ISR_placement.c
                          13 --Directory:     D:\working\My_workArea\Renesas_training\Training
                          14 --		Material\GHS\Thomas
                          15 --		Training\freeRTOS_IVT_placement_from_ARRAY\R7F7016904
                          16 --Compile Date:  Fri Feb 19 17:03:27 2021
                          17 --Host OS:       Win32
                          18 --Version:       C-RH850 2017.1.5 RELEASE VERSION
                          19 --Release:       Compiler v2017.1.5
                          20 --Revision Date: Tue Apr 11 09:29:40 2017
                          21 --Release Date:  Tue Apr 11 11:12:26 2017
                          22 -- ecom  -g -w
                          23 
                          24 	.section ".isrtable","a"
                          25 	.align	4
                          26 	.global	__isrtableARRAY
00000000 00000000*        27 __isrtableARRAY:	.word	_main_pe0
00000004 00000000*        28 	.word	_main_pe1
00000008 00000000*        29 	.word	_main_pe2
0000000c 00000000*        30 	.word	_main_pe3
00000010 00000000*        31 	.word	_main_pe4
                          32 	.type	__isrtableARRAY,@object
                          33 	.size	__isrtableARRAY,20
                          34 	.data
                          35 	.ghsnote version,19
                          36 	.ghsnote tools,3
                          37 	.ghsnote options,656
                          38 	.text
                          39 ..bof.D.3A.5Cworking.5CMy_workArea.5CRenesas_training.5CTraining.20Material.5CGHS.5CThomas.20Training.5CfreeRTOS_IVT_placement_from_ARRAY.5CR7F7016904.5Cobjs.5Cdebug.5Csrc_R7F7016904.5CISR_placement...44.3A.5Cworking.5CMy_workArea.5CRenesas_training.5CTraining.20Material.5CGHS.5CThomas.20Training.5CfreeRTOS_IVT_placement_from_ARRAY.5CR7F7016904..602FA207..0::
                          40 ..eof.D.3A.5Cworking.5CMy_workArea.5CRenesas_training.5CTraining.20Material.5CGHS.5CThomas.20Training.5CfreeRTOS_IVT_placement_from_ARRAY.5CR7F7016904.5Cobjs.5Cdebug.5Csrc_R7F7016904.5CISR_placement...44.3A.5Cworking.5CMy_workArea.5CRenesas_training.5CTraining.20Material.5CGHS.5CThomas.20Training.5CfreeRTOS_IVT_placement_from_ARRAY.5CR7F7016904..602FA207..0::
                          41 	.section	.debug_info
                          42 .Ldw_begin:
00000000 84010000         43 	.word	.Ldw_end-.Ldw_begin-4
00000004 0200             44 	.byte	2,0
00000006 00000000*        45 	.word	.Ldw_abbr_begin
0000000a 04               46 	.byte	4
                          47 	.section	.debug_abbrev
                          48 .Ldw_abbr_begin:
                          49 	.section	.debug_info
0000000b 01               50 	.byte	1

                                                                      Page 2
                                                              C:\Users\a5085281\AppData\Local\Temp\gh_00008c81.s
0000000c 00000000*        51 	.word	..bof.D.3A.5Cworking.5CMy_workArea.5CRenesas_training.5CTraining.20Material.5CGHS.5CThomas.20Training.5CfreeRTOS_IVT_placement_from_ARRAY.5CR7F7016904.5Cobjs.5Cdebug.5Csrc_R7F7016904.5CISR_placement...44.3A.5Cworking.5CMy_workArea.5CRenesas_training.5CTraining.20Material.5CGHS.5CThomas.20Training.5CfreeRTOS_IVT_placement_from_ARRAY.5CR7F7016904..602FA207..0
00000010 00000000*        52 	.word	..eof.D.3A.5Cworking.5CMy_workArea.5CRenesas_training.5CTraining.20Material.5CGHS.5CThomas.20Training.5CfreeRTOS_IVT_placement_from_ARRAY.5CR7F7016904.5Cobjs.5Cdebug.5Csrc_R7F7016904.5CISR_placement...44.3A.5Cworking.5CMy_workArea.5CRenesas_training.5CTraining.20Material.5CGHS.5CThomas.20Training.5CfreeRTOS_IVT_placement_from_ARRAY.5CR7F7016904..602FA207..0
00000014 7372635c4953     53 	.strz	"src\\ISR_placement.c"
0000001a 525f706c6163 
00000020 656d656e742e 
00000026 6300 
00000028 443a5c776f72     54 	.strz	"D:\\working\\My_workArea\\Renesas_training\\Training Material\\GHS\\Thomas Training\\freeRTOS_IVT_placement_from_ARRAY\\R7F7016904"
0000002e 6b696e675c4d 
00000034 795f776f726b 
0000003a 417265615c52 
00000040 656e65736173 
00000046 5f747261696e 
0000004c 696e675c5472 
00000052 61696e696e67 
00000058 204d61746572 
0000005e 69616c5c4748 
00000064 535c54686f6d 
0000006a 617320547261 
00000070 696e696e675c 
00000076 667265655254 
0000007c 4f535f495654 
00000082 5f706c616365 
00000088 6d656e745f66 
0000008e 726f6d5f4152 
00000094 5241595c5237 
0000009a 463730313639 
000000a0 303400 
000000a3 474853204320     55 	.strz	"GHS C 2017.1.5 [dual]"
000000a9 323031372e31 
000000af 2e35205b6475 
000000b5 616c5d00 
000000b9 0100             56 	.byte	1,0
000000bb 00000000*        57 	.word	.Ldw_line_begin
000000bf 00000000*        58 	.word	.Ldw_macinfo_begin
000000c3 00               59 	.byte	0
                          60 
                          61 	.section	.debug_abbrev
00000000 01               62 	.byte	1
00000001 11               63 	.byte	17
00000002 01               64 	.byte	1
00000003 1101             65 	.byte	17,1
00000005 1201             66 	.byte	18,1
00000007 0308             67 	.byte	3,8
00000009 1b08             68 	.byte	27,8
0000000b 2508             69 	.byte	37,8
0000000d 1305             70 	.byte	19,5
0000000f 1006             71 	.byte	16,6
00000011 4306             72 	.byte	67,6
00000013 420b             73 	.byte	66,11
00000015 0000             74 	.byte	0,0
                          75 
                          76 	.section	.debug_line
                          77 .Ldw_line_begin:
00000000 2d000000         78 	.word	.Ldw_line_end-.Ldw_line_begin-4
00000004 0200             79 	.byte	2,0
00000006 00000000*        80 	.word	.Ldw_lpro_end-.Ldw_lpro_begin
                          81 .Ldw_lpro_begin:
0000000a 01               82 	.byte	1
0000000b 00               83 	.byte	0
0000000c 00               84 	.byte	0
0000000d 04               85 	.byte	4

                                                                      Page 3
                                                              C:\Users\a5085281\AppData\Local\Temp\gh_00008c81.s
0000000e 0a               86 	.byte	10
0000000f 000101           87 	.byte	0,1,1
00000012 010100           88 	.byte	1,1,0
00000015 000001           89 	.byte	0,0,1
00000018 00               90 	.byte	0
00000019 7372635c4953     91 	.strz	"src\\ISR_placement.c"
0000001f 525f706c6163 
00000025 656d656e742e 
0000002b 6300 
0000002d 000000           92 	.byte	0,0,0
00000030 00               93 	.byte	0
                          94 .Ldw_lpro_end:
                          95 	.section	.debug_macinfo
                          96 .Ldw_macinfo_begin:
                          97 	.section	.debug_info
                          98 .LDW_4aa4b38:
000000c4 47               99 	.byte	71
000000c5 01              100 	.byte	1
                         101 
                         102 	.section	.debug_abbrev
00000017 47              103 	.byte	71
00000018 15              104 	.byte	21
00000019 01              105 	.byte	1
0000001a 270c            106 	.byte	39,12
0000001c 0000            107 	.byte	0,0
                         108 
                         109 	.section	.debug_info
000000c6 00              110 	.byte	0
                         111 
                         112 .LDW_4aa4668:
000000c7 31              113 	.byte	49
000000c8 00000000*       114 	.word	.LDW_4aa4b38
                         115 
                         116 	.section	.debug_abbrev
0000001e 31              117 	.byte	49
0000001f 0f              118 	.byte	15
00000020 00              119 	.byte	0
00000021 4910            120 	.byte	73,16
00000023 0000            121 	.byte	0,0
                         122 
                         123 	.section	.debug_info
                         124 .LDW_4aa4b00:
000000cc 27              125 	.byte	39
000000cd 696e7400        126 	.strz	"int"
000000d1 05              127 	.byte	5
000000d2 04              128 	.byte	4
                         129 
                         130 	.section	.debug_abbrev
00000025 27              131 	.byte	39
00000026 24              132 	.byte	36
00000027 00              133 	.byte	0
00000028 0308            134 	.byte	3,8
0000002a 3e0b            135 	.byte	62,11
0000002c 0b0b            136 	.byte	11,11
0000002e 0000            137 	.byte	0,0
                         138 
                         139 	.section	.debug_info
                         140 .LDW_4ae33a8:
000000d3 2b              141 	.byte	43
000000d4 00000000*       142 	.word	.LDW_4ae3350
                         143 

                                                                      Page 4
                                                              C:\Users\a5085281\AppData\Local\Temp\gh_00008c81.s
                         144 	.section	.debug_abbrev
00000030 2b              145 	.byte	43
00000031 26              146 	.byte	38
00000032 00              147 	.byte	0
00000033 4910            148 	.byte	73,16
00000035 0000            149 	.byte	0,0
                         150 
                         151 	.section	.debug_info
                         152 .LDW_4ae3400:
000000d8 3c              153 	.byte	60
000000d9 00              154 	.byte	0
000000da 14              155 	.byte	20
000000db 00000000*       156 	.word	.LDW_4ae33a8
                         157 
                         158 	.section	.debug_abbrev
00000037 3c              159 	.byte	60
00000038 01              160 	.byte	1
00000039 01              161 	.byte	1
0000003a 090b            162 	.byte	9,11
0000003c 0b0f            163 	.byte	11,15
0000003e 4910            164 	.byte	73,16
00000040 0000            165 	.byte	0,0
                         166 
                         167 	.section	.debug_info
000000df 34              168 	.byte	52
000000e0 00000000*       169 	.word	.LDW_4aa4b00
000000e4 04              170 	.byte	4
000000e5 00              171 	.byte	0
000000e6 04              172 	.byte	4
                         173 
                         174 	.section	.debug_abbrev
00000042 34              175 	.byte	52
00000043 21              176 	.byte	33
00000044 00              177 	.byte	0
00000045 4910            178 	.byte	73,16
00000047 0b0f            179 	.byte	11,15
00000049 220d            180 	.byte	34,13
0000004b 2f0d            181 	.byte	47,13
0000004d 0000            182 	.byte	0,0
                         183 
                         184 	.section	.debug_info
000000e7 00              185 	.byte	0
                         186 
                         187 .LDW_4aa4b70:
000000e8 47              188 	.byte	71
000000e9 01              189 	.byte	1
                         190 
000000ea 00              191 	.byte	0
                         192 
                         193 .LDW_4aa4588:
000000eb 47              194 	.byte	71
000000ec 01              195 	.byte	1
                         196 
000000ed 00              197 	.byte	0
                         198 
                         199 .LDW_4aa4860:
000000ee 47              200 	.byte	71
000000ef 01              201 	.byte	1
                         202 
000000f0 00              203 	.byte	0
                         204 

                                                                      Page 5
                                                              C:\Users\a5085281\AppData\Local\Temp\gh_00008c81.s
                         205 .LDW_4aa48d0:
000000f1 47              206 	.byte	71
000000f2 01              207 	.byte	1
                         208 
000000f3 00              209 	.byte	0
                         210 
                         211 .LDW_4aa4ba8:
000000f4 47              212 	.byte	71
000000f5 01              213 	.byte	1
                         214 
000000f6 00              215 	.byte	0
                         216 
                         217 .LDW_4ae3350:
000000f7 2a              218 	.byte	42
000000f8 5049535200      219 	.strz	"PISR"
000000fd 01              220 	.byte	1
000000fe 10              221 	.byte	16
000000ff 01              222 	.byte	1
00000100 00000000*       223 	.word	.LDW_4aa4668
                         224 
                         225 	.section	.debug_abbrev
0000004f 2a              226 	.byte	42
00000050 16              227 	.byte	22
00000051 00              228 	.byte	0
00000052 0308            229 	.byte	3,8
00000054 3b0f            230 	.byte	59,15
00000056 390f            231 	.byte	57,15
00000058 3a0f            232 	.byte	58,15
0000005a 4910            233 	.byte	73,16
0000005c 0000            234 	.byte	0,0
                         235 
                         236 	.section	.debug_info
                         237 .LDW_4ae3488:
00000104 06              238 	.byte	6
00000105 5f6973727461    239 	.strz	"_isrtableARRAY"
0000010b 626c65415252 
00000111 415900 
00000114 0b              240 	.byte	11
00000115 0c              241 	.byte	12
00000116 01              242 	.byte	1
00000117 00000000*       243 	.word	.LDW_4ae3400
0000011b 01              244 	.byte	1
0000011c 00              245 	.byte	0
0000011d 0503            246 	.byte	5,3
0000011f 00000000*       247 	.word	__isrtableARRAY
                         248 
                         249 	.section	.debug_abbrev
0000005e 06              250 	.byte	6
0000005f 34              251 	.byte	52
00000060 00              252 	.byte	0
00000061 0308            253 	.byte	3,8
00000063 3b0f            254 	.byte	59,15
00000065 390f            255 	.byte	57,15
00000067 3a0f            256 	.byte	58,15
00000069 4910            257 	.byte	73,16
0000006b 3f0c            258 	.byte	63,12
0000006d 3c0c            259 	.byte	60,12
0000006f 020a            260 	.byte	2,10
00000071 0000            261 	.byte	0,0
                         262 
                         263 	.section	.debug_info

                                                                      Page 6
                                                              C:\Users\a5085281\AppData\Local\Temp\gh_00008c81.s
                         264 .LDW_4ae34e0:
00000123 17              265 	.byte	23
00000124 6d61696e5f70    266 	.strz	"main_pe0"
0000012a 653000 
0000012d 03              267 	.byte	3
0000012e 0d              268 	.byte	13
0000012f 01              269 	.byte	1
00000130 01              270 	.byte	1
00000131 00              271 	.byte	0
00000132 01              272 	.byte	1
00000133 01              273 	.byte	1
00000134 00              274 	.byte	0
00000135 01              275 	.byte	1
                         276 
                         277 	.section	.debug_abbrev
00000073 17              278 	.byte	23
00000074 2e              279 	.byte	46
00000075 01              280 	.byte	1
00000076 0308            281 	.byte	3,8
00000078 3b0f            282 	.byte	59,15
0000007a 390f            283 	.byte	57,15
0000007c 3a0f            284 	.byte	58,15
0000007e 3c0c            285 	.byte	60,12
00000080 200b            286 	.byte	32,11
00000082 3f0c            287 	.byte	63,12
00000084 320b            288 	.byte	50,11
00000086 4c0b            289 	.byte	76,11
00000088 270c            290 	.byte	39,12
0000008a 0000            291 	.byte	0,0
                         292 
                         293 	.section	.debug_info
00000136 00              294 	.byte	0
                         295 
                         296 .LDW_4ae3578:
00000137 17              297 	.byte	23
00000138 6d61696e5f70    298 	.strz	"main_pe1"
0000013e 653100 
00000141 04              299 	.byte	4
00000142 0d              300 	.byte	13
00000143 01              301 	.byte	1
00000144 01              302 	.byte	1
00000145 00              303 	.byte	0
00000146 01              304 	.byte	1
00000147 01              305 	.byte	1
00000148 00              306 	.byte	0
00000149 01              307 	.byte	1
                         308 
0000014a 00              309 	.byte	0
                         310 
                         311 .LDW_4ae3610:
0000014b 17              312 	.byte	23
0000014c 6d61696e5f70    313 	.strz	"main_pe2"
00000152 653200 
00000155 05              314 	.byte	5
00000156 0d              315 	.byte	13
00000157 01              316 	.byte	1
00000158 01              317 	.byte	1
00000159 00              318 	.byte	0
0000015a 01              319 	.byte	1
0000015b 01              320 	.byte	1
0000015c 00              321 	.byte	0

                                                                      Page 7
                                                              C:\Users\a5085281\AppData\Local\Temp\gh_00008c81.s
0000015d 01              322 	.byte	1
                         323 
0000015e 00              324 	.byte	0
                         325 
                         326 .LDW_4ae36a8:
0000015f 17              327 	.byte	23
00000160 6d61696e5f70    328 	.strz	"main_pe3"
00000166 653300 
00000169 06              329 	.byte	6
0000016a 0d              330 	.byte	13
0000016b 01              331 	.byte	1
0000016c 01              332 	.byte	1
0000016d 00              333 	.byte	0
0000016e 01              334 	.byte	1
0000016f 01              335 	.byte	1
00000170 00              336 	.byte	0
00000171 01              337 	.byte	1
                         338 
00000172 00              339 	.byte	0
                         340 
                         341 .LDW_4ae3740:
00000173 17              342 	.byte	23
00000174 6d61696e5f70    343 	.strz	"main_pe4"
0000017a 653400 
0000017d 07              344 	.byte	7
0000017e 0d              345 	.byte	13
0000017f 01              346 	.byte	1
00000180 01              347 	.byte	1
00000181 00              348 	.byte	0
00000182 01              349 	.byte	1
00000183 01              350 	.byte	1
00000184 00              351 	.byte	0
00000185 01              352 	.byte	1
                         353 
00000186 00              354 	.byte	0
                         355 
00000187 00              356 	.byte	0
                         357 
                         358 	.section	.debug_line
                         359 .Ldw_line_end:
                         360 	.section	.debug_macinfo
00000000 03              361 	.byte	3
00000001 00              362 	.byte	0
00000002 01              363 	.byte	1
00000003 04              364 	.byte	4
00000004 00              365 	.byte	0
                         366 	.section	.debug_abbrev
0000008c 00              367 	.byte	0
                         368 	.section	.debug_info
                         369 .Ldw_end:
                         370 .rh850_flags REGMODE32,DATA_ALIGN8,GP_FIX,EP_NONFIX,TP_FIX,REG2_RESERVE,G3KH,SDA_EXTRA_REGS_0
